['INFO ]2023-05-23 14:11:03,475(yyyy-MM-ddHH:mm:ss.SSS][main]utilities.LoggerLoad1)-Test is running on ChromeDriver: chrome on WINDOWS (997541fe19186e763109df7bade57ac5)
['INFO ]2023-05-23 14:11:03,481(yyyy-MM-ddHH:mm:ss.SSS][main]utilities.LoggerLoad1)-Driver is Initialized
['INFO ]2023-05-23 14:11:03,530(yyyy-MM-ddHH:mm:ss.SSS][main]utilities.LoggerLoad1)-The User launches the Chrome browser
['INFO ]2023-05-23 14:11:05,112(yyyy-MM-ddHH:mm:ss.SSS][main]utilities.LoggerLoad1)-The user opens DS Algo portal link
['INFO ]2023-05-23 14:11:05,802(yyyy-MM-ddHH:mm:ss.SSS][main]utilities.LoggerLoad1)-The user clicks the Get Started button
['INFO ]2023-05-23 14:11:05,823(yyyy-MM-ddHH:mm:ss.SSS][main]utilities.LoggerLoad1)-The user should be redirected to homepage with page title as {string}
['INFO ]2023-05-23 14:11:06,460(yyyy-MM-ddHH:mm:ss.SSS][main]utilities.LoggerLoad1)-The user clicks on Get Started link on homepage without login
['WARN ]2023-05-23 14:11:06,499(yyyy-MM-ddHH:mm:ss.SSS][main]utilities.LoggerLoad1)-The user get warning message
['INFO ]2023-05-23 14:11:06,816(yyyy-MM-ddHH:mm:ss.SSS][main]utilities.LoggerLoad1)-The user select options from dropbox menu on homepage without login
['WARN ]2023-05-23 14:11:06,845(yyyy-MM-ddHH:mm:ss.SSS][main]utilities.LoggerLoad1)-The user get warning message
['INFO ]2023-05-23 14:11:09,116(yyyy-MM-ddHH:mm:ss.SSS][main]utilities.LoggerLoad1)-User is on Home Page of DS Algo Portal
['INFO ]2023-05-23 14:11:09,471(yyyy-MM-ddHH:mm:ss.SSS][main]utilities.LoggerLoad1)-The user clicks the Register button on Home page
['INFO ]2023-05-23 14:11:09,494(yyyy-MM-ddHH:mm:ss.SSS][main]utilities.LoggerLoad1)-The User will be navigated to Register Page with title as Registration
['INFO ]2023-05-23 14:11:09,914(yyyy-MM-ddHH:mm:ss.SSS][main]utilities.LoggerLoad1)-The user clicks the Register button on register page with all fields value empty
['ERROR]2023-05-23 14:11:10,086(yyyy-MM-ddHH:mm:ss.SSS][main]utilities.LoggerLoad1)-Error message is displayed as Please fill out this field
['INFO ]2023-05-23 14:11:10,547(yyyy-MM-ddHH:mm:ss.SSS][main]utilities.LoggerLoad1)-The user clicks the Register button on register page with valid Username and Password fields value empty
['ERROR]2023-05-23 14:11:10,733(yyyy-MM-ddHH:mm:ss.SSS][main]utilities.LoggerLoad1)-Error message is displayed as Please fill out this field
['INFO ]2023-05-23 14:11:11,234(yyyy-MM-ddHH:mm:ss.SSS][main]utilities.LoggerLoad1)-The user clicks the Register link on register page with Password and confirmPassword fields value empty
['ERROR]2023-05-23 14:11:11,367(yyyy-MM-ddHH:mm:ss.SSS][main]utilities.LoggerLoad1)-Error message is displayed as Please fill out this field
['INFO ]2023-05-23 14:11:13,470(yyyy-MM-ddHH:mm:ss.SSS][main]utilities.LoggerLoad1)-User enter Invalid signUp details on register page from Excel Sheet
['INFO ]2023-05-23 14:11:13,677(yyyy-MM-ddHH:mm:ss.SSS][main]utilities.LoggerLoad1)-The user clicks Register button
['ERROR]2023-05-23 14:11:13,838(yyyy-MM-ddHH:mm:ss.SSS][main]utilities.LoggerLoad1)-Registration failed and error message is displayed
['INFO ]2023-05-23 14:11:14,374(yyyy-MM-ddHH:mm:ss.SSS][main]utilities.LoggerLoad1)-User enter Invalid signUp details on register page from Excel Sheet
['INFO ]2023-05-23 14:11:14,603(yyyy-MM-ddHH:mm:ss.SSS][main]utilities.LoggerLoad1)-The user clicks Register button
['ERROR]2023-05-23 14:11:14,754(yyyy-MM-ddHH:mm:ss.SSS][main]utilities.LoggerLoad1)-Registration failed and error message is displayed
['INFO ]2023-05-23 14:11:15,337(yyyy-MM-ddHH:mm:ss.SSS][main]utilities.LoggerLoad1)-User enter Invalid signUp details on register page from Excel Sheet
['INFO ]2023-05-23 14:11:15,624(yyyy-MM-ddHH:mm:ss.SSS][main]utilities.LoggerLoad1)-The user clicks Register button
['ERROR]2023-05-23 14:11:15,781(yyyy-MM-ddHH:mm:ss.SSS][main]utilities.LoggerLoad1)-Registration failed and error message is displayed
['INFO ]2023-05-23 14:11:16,495(yyyy-MM-ddHH:mm:ss.SSS][main]utilities.LoggerLoad1)-User enter Invalid signUp details on register page from Excel Sheet
['INFO ]2023-05-23 14:11:16,756(yyyy-MM-ddHH:mm:ss.SSS][main]utilities.LoggerLoad1)-The user clicks Register button
['ERROR]2023-05-23 14:11:16,921(yyyy-MM-ddHH:mm:ss.SSS][main]utilities.LoggerLoad1)-Registration failed and error message is displayed
['INFO ]2023-05-23 14:11:17,462(yyyy-MM-ddHH:mm:ss.SSS][main]utilities.LoggerLoad1)-User enter Valid signUp details on register page UserName, Password and ConfirmPassword 
['INFO ]2023-05-23 14:11:18,086(yyyy-MM-ddHH:mm:ss.SSS][main]utilities.LoggerLoad1)-The user clicks Register button
['INFO ]2023-05-23 14:11:18,131(yyyy-MM-ddHH:mm:ss.SSS][main]utilities.LoggerLoad1)-User will be navigated to Home page of DS Algo
['INFO ]2023-05-23 14:11:20,181(yyyy-MM-ddHH:mm:ss.SSS][main]utilities.LoggerLoad1)-success Message will be displayed as Logged out successfully
['INFO ]2023-05-23 14:11:20,669(yyyy-MM-ddHH:mm:ss.SSS][main]utilities.LoggerLoad1)-User clicks on signOut link on Home page
['INFO ]2023-05-23 14:11:22,712(yyyy-MM-ddHH:mm:ss.SSS][main]utilities.LoggerLoad1)- Message will be displayed as Logged out successfully
['INFO ]2023-05-23 14:11:25,134(yyyy-MM-ddHH:mm:ss.SSS][main]utilities.LoggerLoad1)-User is on Home Page of DS Algo Portal
['INFO ]2023-05-23 14:11:25,599(yyyy-MM-ddHH:mm:ss.SSS][main]utilities.LoggerLoad1)-User clicks on signIn link on Home page
['INFO ]2023-05-23 14:11:25,796(yyyy-MM-ddHH:mm:ss.SSS][main]utilities.LoggerLoad1)-User is navigated to Login Page
['INFO ]2023-05-23 14:11:29,697(yyyy-MM-ddHH:mm:ss.SSS][main]utilities.LoggerLoad1)-User entered login details from Excel sheet
['ERROR]2023-05-23 14:11:29,745(yyyy-MM-ddHH:mm:ss.SSS][main]utilities.LoggerLoad1)-Error message is displayed as Invalid user login 
['INFO ]2023-05-23 14:11:31,978(yyyy-MM-ddHH:mm:ss.SSS][main]utilities.LoggerLoad1)-User is on Home Page of DS Algo Portal
['INFO ]2023-05-23 14:11:32,272(yyyy-MM-ddHH:mm:ss.SSS][main]utilities.LoggerLoad1)-User clicks on signIn link on Home page
['INFO ]2023-05-23 14:11:32,462(yyyy-MM-ddHH:mm:ss.SSS][main]utilities.LoggerLoad1)-User is navigated to Login Page
['INFO ]2023-05-23 14:11:34,952(yyyy-MM-ddHH:mm:ss.SSS][main]utilities.LoggerLoad1)-User entered login details from Excel sheet
['ERROR]2023-05-23 14:11:35,021(yyyy-MM-ddHH:mm:ss.SSS][main]utilities.LoggerLoad1)-Error message is displayed as Invalid user login 
['INFO ]2023-05-23 14:11:35,803(yyyy-MM-ddHH:mm:ss.SSS][main]utilities.LoggerLoad1)-User entered Username and Password 
['INFO ]2023-05-23 14:11:37,844(yyyy-MM-ddHH:mm:ss.SSS][main]utilities.LoggerLoad1)-Success message is displayed
['INFO ]2023-05-23 14:11:39,869(yyyy-MM-ddHH:mm:ss.SSS][main]utilities.LoggerLoad1)-User is navigated to Home page of DsAlgo Portal
['INFO ]2023-05-23 14:11:40,087(yyyy-MM-ddHH:mm:ss.SSS][main]utilities.LoggerLoad1)-User clicks on signOut link on Home page
['INFO ]2023-05-23 14:11:42,111(yyyy-MM-ddHH:mm:ss.SSS][main]utilities.LoggerLoad1)- Message will be displayed as Logged out successfully
['INFO ]2023-05-23 14:11:44,257(yyyy-MM-ddHH:mm:ss.SSS][main]utilities.LoggerLoad1)-User is on Home Page of DS Algo Portal
['INFO ]2023-05-23 14:11:44,414(yyyy-MM-ddHH:mm:ss.SSS][main]utilities.LoggerLoad1)-User clicks on signIn link on Home page
['INFO ]2023-05-23 14:11:44,813(yyyy-MM-ddHH:mm:ss.SSS][main]utilities.LoggerLoad1)-User entered Username and Password 
['INFO ]2023-05-23 14:11:46,814(yyyy-MM-ddHH:mm:ss.SSS][main]utilities.LoggerLoad1)-User is navigated to Home page of DsAlgo Portal
['INFO ]2023-05-23 14:11:47,094(yyyy-MM-ddHH:mm:ss.SSS][main]utilities.LoggerLoad1)-The user clicks on DataStructure GetStarted button 
['INFO ]2023-05-23 14:11:47,104(yyyy-MM-ddHH:mm:ss.SSS][main]utilities.LoggerLoad1)-User will be navigated to Data Structures-Introduction page
['INFO ]2023-05-23 14:11:47,295(yyyy-MM-ddHH:mm:ss.SSS][main]utilities.LoggerLoad1)-User clicks on Time Complexity link
['INFO ]2023-05-23 14:11:47,306(yyyy-MM-ddHH:mm:ss.SSS][main]utilities.LoggerLoad1)-User will be navigated to time-complexity page
['INFO ]2023-05-23 14:11:47,920(yyyy-MM-ddHH:mm:ss.SSS][main]utilities.LoggerLoad1)-User clicks Try Here button in the datastructure page
['INFO ]2023-05-23 14:11:47,924(yyyy-MM-ddHH:mm:ss.SSS][main]utilities.LoggerLoad1)-User should be redirected tryEditor page title as {string} with a Run button to test Python code
['INFO ]2023-05-23 14:11:48,282(yyyy-MM-ddHH:mm:ss.SSS][main]utilities.LoggerLoad1)-User Enter Python code in tryEditor from DataStructures topic and click Run button
['INFO ]2023-05-23 14:11:48,285(yyyy-MM-ddHH:mm:ss.SSS][main]utilities.LoggerLoad1)-User should be presented with the Run output for valid Python code and Message for DataStructure Page
['INFO ]2023-05-23 14:11:48,618(yyyy-MM-ddHH:mm:ss.SSS][main]utilities.LoggerLoad1)-User Enter Python code in tryEditor from DataStructures topic and click Run button
['INFO ]2023-05-23 14:11:48,632(yyyy-MM-ddHH:mm:ss.SSS][main]utilities.LoggerLoad1)-User should be presented with the Run output for valid Python code and Message for DataStructure Page
['INFO ]2023-05-23 14:11:48,668(yyyy-MM-ddHH:mm:ss.SSS][main]utilities.LoggerLoad1)-User navigate back to dataStructure page of selected topic
['INFO ]2023-05-23 14:11:48,821(yyyy-MM-ddHH:mm:ss.SSS][main]utilities.LoggerLoad1)-User clicks Practice Questions Page on DataStructure Page
['INFO ]2023-05-23 14:11:48,825(yyyy-MM-ddHH:mm:ss.SSS][main]utilities.LoggerLoad1)-User should be redirected to a Practice Questions Page of selected DataStructure Topic Page
['INFO ]2023-05-23 14:11:48,856(yyyy-MM-ddHH:mm:ss.SSS][main]utilities.LoggerLoad1)-The User is on practice page of data Structure
['INFO ]2023-05-23 14:11:49,054(yyyy-MM-ddHH:mm:ss.SSS][main]utilities.LoggerLoad1)-The user select Array option from dropbox menu
['INFO ]2023-05-23 14:11:49,061(yyyy-MM-ddHH:mm:ss.SSS][main]utilities.LoggerLoad1)-The user is navigate to Array Page
['INFO ]2023-05-23 14:11:49,717(yyyy-MM-ddHH:mm:ss.SSS][main]utilities.LoggerLoad1)-The user click on topiclist link on Array page
['INFO ]2023-05-23 14:11:49,965(yyyy-MM-ddHH:mm:ss.SSS][main]utilities.LoggerLoad1)-The user clicks on Try Here button of selected topic
['INFO ]2023-05-23 14:11:50,241(yyyy-MM-ddHH:mm:ss.SSS][main]utilities.LoggerLoad1)-The User Enter valid Python code in tryEditor from topiclist in Array and click Run button
['INFO ]2023-05-23 14:11:50,248(yyyy-MM-ddHH:mm:ss.SSS][main]utilities.LoggerLoad1)-The user should be presented with the Run output for valid Python code and massege for Array Page
['ERROR]2023-05-23 14:11:50,519(yyyy-MM-ddHH:mm:ss.SSS][main]utilities.LoggerLoad1)-User Enter Invalid Python code in tryEditor from topiclist in Array and click Run button
['WARN ]2023-05-23 14:11:50,532(yyyy-MM-ddHH:mm:ss.SSS][main]utilities.LoggerLoad1)-User should be presented with alert and no runOutput for Invalid Python code for Array Page
['INFO ]2023-05-23 14:11:50,550(yyyy-MM-ddHH:mm:ss.SSS][main]utilities.LoggerLoad1)-User navigate back to Array topic list
['INFO ]2023-05-23 14:11:50,801(yyyy-MM-ddHH:mm:ss.SSS][main]utilities.LoggerLoad1)-The user click on topiclist link on Array page
['INFO ]2023-05-23 14:11:51,057(yyyy-MM-ddHH:mm:ss.SSS][main]utilities.LoggerLoad1)-The user clicks on Try Here button of selected topic
['INFO ]2023-05-23 14:11:51,342(yyyy-MM-ddHH:mm:ss.SSS][main]utilities.LoggerLoad1)-The User Enter valid Python code in tryEditor from topiclist in Array and click Run button
['INFO ]2023-05-23 14:11:51,350(yyyy-MM-ddHH:mm:ss.SSS][main]utilities.LoggerLoad1)-The user should be presented with the Run output for valid Python code and massege for Array Page
['ERROR]2023-05-23 14:11:51,613(yyyy-MM-ddHH:mm:ss.SSS][main]utilities.LoggerLoad1)-User Enter Invalid Python code in tryEditor from topiclist in Array and click Run button
['WARN ]2023-05-23 14:11:51,627(yyyy-MM-ddHH:mm:ss.SSS][main]utilities.LoggerLoad1)-User should be presented with alert and no runOutput for Invalid Python code for Array Page
['INFO ]2023-05-23 14:11:51,642(yyyy-MM-ddHH:mm:ss.SSS][main]utilities.LoggerLoad1)-User navigate back to Array topic list
['INFO ]2023-05-23 14:11:51,875(yyyy-MM-ddHH:mm:ss.SSS][main]utilities.LoggerLoad1)-The user click on topiclist link on Array page
['INFO ]2023-05-23 14:11:52,136(yyyy-MM-ddHH:mm:ss.SSS][main]utilities.LoggerLoad1)-The user clicks on Try Here button of selected topic
['INFO ]2023-05-23 14:11:52,441(yyyy-MM-ddHH:mm:ss.SSS][main]utilities.LoggerLoad1)-The User Enter valid Python code in tryEditor from topiclist in Array and click Run button
['INFO ]2023-05-23 14:11:52,446(yyyy-MM-ddHH:mm:ss.SSS][main]utilities.LoggerLoad1)-The user should be presented with the Run output for valid Python code and massege for Array Page
['ERROR]2023-05-23 14:11:52,729(yyyy-MM-ddHH:mm:ss.SSS][main]utilities.LoggerLoad1)-User Enter Invalid Python code in tryEditor from topiclist in Array and click Run button
['WARN ]2023-05-23 14:11:52,737(yyyy-MM-ddHH:mm:ss.SSS][main]utilities.LoggerLoad1)-User should be presented with alert and no runOutput for Invalid Python code for Array Page
['INFO ]2023-05-23 14:11:52,757(yyyy-MM-ddHH:mm:ss.SSS][main]utilities.LoggerLoad1)-User navigate back to Array topic list
['INFO ]2023-05-23 14:11:53,002(yyyy-MM-ddHH:mm:ss.SSS][main]utilities.LoggerLoad1)-The user click on topiclist link on Array page
['INFO ]2023-05-23 14:11:53,251(yyyy-MM-ddHH:mm:ss.SSS][main]utilities.LoggerLoad1)-The user clicks on Try Here button of selected topic
['INFO ]2023-05-23 14:11:53,540(yyyy-MM-ddHH:mm:ss.SSS][main]utilities.LoggerLoad1)-The User Enter valid Python code in tryEditor from topiclist in Array and click Run button
['INFO ]2023-05-23 14:11:53,554(yyyy-MM-ddHH:mm:ss.SSS][main]utilities.LoggerLoad1)-The user should be presented with the Run output for valid Python code and massege for Array Page
['ERROR]2023-05-23 14:11:53,811(yyyy-MM-ddHH:mm:ss.SSS][main]utilities.LoggerLoad1)-User Enter Invalid Python code in tryEditor from topiclist in Array and click Run button
['WARN ]2023-05-23 14:11:53,817(yyyy-MM-ddHH:mm:ss.SSS][main]utilities.LoggerLoad1)-User should be presented with alert and no runOutput for Invalid Python code for Array Page
['INFO ]2023-05-23 14:11:53,840(yyyy-MM-ddHH:mm:ss.SSS][main]utilities.LoggerLoad1)-User navigate back to Array topic list
['INFO ]2023-05-23 14:11:54,029(yyyy-MM-ddHH:mm:ss.SSS][main]utilities.LoggerLoad1)-user click on practice Question
['INFO ]2023-05-23 14:11:54,033(yyyy-MM-ddHH:mm:ss.SSS][main]utilities.LoggerLoad1)-User will be navigated to Practice Question in Array page 
['INFO ]2023-05-23 14:11:54,281(yyyy-MM-ddHH:mm:ss.SSS][main]utilities.LoggerLoad1)-The user click links on practice question Array page
['INFO ]2023-05-23 14:11:54,755(yyyy-MM-ddHH:mm:ss.SSS][main]utilities.LoggerLoad1)-User entered valid Python code in tryEditor by using excel sheet click Run button
['INFO ]2023-05-23 14:11:54,761(yyyy-MM-ddHH:mm:ss.SSS][main]utilities.LoggerLoad1)-The user should be presented with the Run output for valid Python code and massege for Array Page
['INFO ]2023-05-23 14:11:54,786(yyyy-MM-ddHH:mm:ss.SSS][main]utilities.LoggerLoad1)-User navigate back to Array topic list
['INFO ]2023-05-23 14:11:55,020(yyyy-MM-ddHH:mm:ss.SSS][main]utilities.LoggerLoad1)-The user click links on practice question Array page
['INFO ]2023-05-23 14:11:55,469(yyyy-MM-ddHH:mm:ss.SSS][main]utilities.LoggerLoad1)-User entered valid Python code in tryEditor by using excel sheet click Run button
['INFO ]2023-05-23 14:11:55,475(yyyy-MM-ddHH:mm:ss.SSS][main]utilities.LoggerLoad1)-The user should be presented with the Run output for valid Python code and massege for Array Page
['INFO ]2023-05-23 14:11:55,502(yyyy-MM-ddHH:mm:ss.SSS][main]utilities.LoggerLoad1)-User navigate back to Array topic list
['INFO ]2023-05-23 14:11:55,727(yyyy-MM-ddHH:mm:ss.SSS][main]utilities.LoggerLoad1)-The user click links on practice question Array page
['INFO ]2023-05-23 14:11:56,248(yyyy-MM-ddHH:mm:ss.SSS][main]utilities.LoggerLoad1)-User entered valid Python code in tryEditor by using excel sheet click Run button
['INFO ]2023-05-23 14:11:56,257(yyyy-MM-ddHH:mm:ss.SSS][main]utilities.LoggerLoad1)-The user should be presented with the Run output for valid Python code and massege for Array Page
['INFO ]2023-05-23 14:11:56,277(yyyy-MM-ddHH:mm:ss.SSS][main]utilities.LoggerLoad1)-User navigate back to Array topic list
['INFO ]2023-05-23 14:11:56,492(yyyy-MM-ddHH:mm:ss.SSS][main]utilities.LoggerLoad1)-The user click links on practice question Array page
['INFO ]2023-05-23 14:11:57,003(yyyy-MM-ddHH:mm:ss.SSS][main]utilities.LoggerLoad1)-User entered valid Python code in tryEditor by using excel sheet click Run button
['INFO ]2023-05-23 14:11:57,009(yyyy-MM-ddHH:mm:ss.SSS][main]utilities.LoggerLoad1)-The user should be presented with the Run output for valid Python code and massege for Array Page
['INFO ]2023-05-23 14:11:57,034(yyyy-MM-ddHH:mm:ss.SSS][main]utilities.LoggerLoad1)-User navigate back to Array topic list
['INFO ]2023-05-23 14:11:57,070(yyyy-MM-ddHH:mm:ss.SSS][main]utilities.LoggerLoad1)-The User is on practice page of Array
['INFO ]2023-05-23 14:11:57,400(yyyy-MM-ddHH:mm:ss.SSS][main]utilities.LoggerLoad1)-the user select_from_homepage_drop_down_menu
['INFO ]2023-05-23 14:11:57,404(yyyy-MM-ddHH:mm:ss.SSS][main]utilities.LoggerLoad1)-User will be navigated to LinkedList page
['INFO ]2023-05-23 14:11:57,727(yyyy-MM-ddHH:mm:ss.SSS][main]utilities.LoggerLoad1)-User click to select topics covered on Link List page
['INFO ]2023-05-23 14:11:57,981(yyyy-MM-ddHH:mm:ss.SSS][main]utilities.LoggerLoad1)-User clicks Try Here button in the  Linked List of selected topic page
['INFO ]2023-05-23 14:11:57,985(yyyy-MM-ddHH:mm:ss.SSS][main]utilities.LoggerLoad1)-User should be redirected tryEditor page title as {string} with a Run button to test Python code
['INFO ]2023-05-23 14:11:58,286(yyyy-MM-ddHH:mm:ss.SSS][main]utilities.LoggerLoad1)-User Enter valid Python code in tryEditor for LinkedList topic and click Run button
['INFO ]2023-05-23 14:11:58,293(yyyy-MM-ddHH:mm:ss.SSS][main]utilities.LoggerLoad1)-User should be presented with the Run output for valid Python code and Message for for LinkedList Page
['INFO ]2023-05-23 14:11:58,418(yyyy-MM-ddHH:mm:ss.SSS][main]utilities.LoggerLoad1)-User Enter Invalid Python code in tryEditor for LinkedList topic and click Run button
['WARN ]2023-05-23 14:11:58,433(yyyy-MM-ddHH:mm:ss.SSS][main]utilities.LoggerLoad1)-User should be presented with alert and no runOutput for Invalid Python code for LinkedList Page
['INFO ]2023-05-23 14:11:58,449(yyyy-MM-ddHH:mm:ss.SSS][main]utilities.LoggerLoad1)-User navigate back to LinkedList page of selected topic
['INFO ]2023-05-23 14:11:58,750(yyyy-MM-ddHH:mm:ss.SSS][main]utilities.LoggerLoad1)-User click to select topics covered on Link List page
['INFO ]2023-05-23 14:11:59,084(yyyy-MM-ddHH:mm:ss.SSS][main]utilities.LoggerLoad1)-User clicks Try Here button in the  Linked List of selected topic page
['INFO ]2023-05-23 14:11:59,091(yyyy-MM-ddHH:mm:ss.SSS][main]utilities.LoggerLoad1)-User should be redirected tryEditor page title as {string} with a Run button to test Python code
['INFO ]2023-05-23 14:11:59,361(yyyy-MM-ddHH:mm:ss.SSS][main]utilities.LoggerLoad1)-User Enter valid Python code in tryEditor for LinkedList topic and click Run button
['INFO ]2023-05-23 14:11:59,373(yyyy-MM-ddHH:mm:ss.SSS][main]utilities.LoggerLoad1)-User should be presented with the Run output for valid Python code and Message for for LinkedList Page
['INFO ]2023-05-23 14:11:59,500(yyyy-MM-ddHH:mm:ss.SSS][main]utilities.LoggerLoad1)-User Enter Invalid Python code in tryEditor for LinkedList topic and click Run button
['WARN ]2023-05-23 14:11:59,506(yyyy-MM-ddHH:mm:ss.SSS][main]utilities.LoggerLoad1)-User should be presented with alert and no runOutput for Invalid Python code for LinkedList Page
['INFO ]2023-05-23 14:11:59,529(yyyy-MM-ddHH:mm:ss.SSS][main]utilities.LoggerLoad1)-User navigate back to LinkedList page of selected topic
['INFO ]2023-05-23 14:11:59,991(yyyy-MM-ddHH:mm:ss.SSS][main]utilities.LoggerLoad1)-User click to select topics covered on Link List page
['INFO ]2023-05-23 14:12:00,225(yyyy-MM-ddHH:mm:ss.SSS][main]utilities.LoggerLoad1)-User clicks Try Here button in the  Linked List of selected topic page
['INFO ]2023-05-23 14:12:00,230(yyyy-MM-ddHH:mm:ss.SSS][main]utilities.LoggerLoad1)-User should be redirected tryEditor page title as {string} with a Run button to test Python code
['INFO ]2023-05-23 14:12:00,533(yyyy-MM-ddHH:mm:ss.SSS][main]utilities.LoggerLoad1)-User Enter valid Python code in tryEditor for LinkedList topic and click Run button
['INFO ]2023-05-23 14:12:00,538(yyyy-MM-ddHH:mm:ss.SSS][main]utilities.LoggerLoad1)-User should be presented with the Run output for valid Python code and Message for for LinkedList Page
['INFO ]2023-05-23 14:12:00,661(yyyy-MM-ddHH:mm:ss.SSS][main]utilities.LoggerLoad1)-User Enter Invalid Python code in tryEditor for LinkedList topic and click Run button
['WARN ]2023-05-23 14:12:00,678(yyyy-MM-ddHH:mm:ss.SSS][main]utilities.LoggerLoad1)-User should be presented with alert and no runOutput for Invalid Python code for LinkedList Page
['INFO ]2023-05-23 14:12:00,693(yyyy-MM-ddHH:mm:ss.SSS][main]utilities.LoggerLoad1)-User navigate back to LinkedList page of selected topic
['INFO ]2023-05-23 14:12:00,956(yyyy-MM-ddHH:mm:ss.SSS][main]utilities.LoggerLoad1)-User click to select topics covered on Link List page
['INFO ]2023-05-23 14:12:01,213(yyyy-MM-ddHH:mm:ss.SSS][main]utilities.LoggerLoad1)-User clicks Try Here button in the  Linked List of selected topic page
['INFO ]2023-05-23 14:12:01,217(yyyy-MM-ddHH:mm:ss.SSS][main]utilities.LoggerLoad1)-User should be redirected tryEditor page title as {string} with a Run button to test Python code
['INFO ]2023-05-23 14:12:01,531(yyyy-MM-ddHH:mm:ss.SSS][main]utilities.LoggerLoad1)-User Enter valid Python code in tryEditor for LinkedList topic and click Run button
['INFO ]2023-05-23 14:12:01,538(yyyy-MM-ddHH:mm:ss.SSS][main]utilities.LoggerLoad1)-User should be presented with the Run output for valid Python code and Message for for LinkedList Page
['INFO ]2023-05-23 14:12:01,652(yyyy-MM-ddHH:mm:ss.SSS][main]utilities.LoggerLoad1)-User Enter Invalid Python code in tryEditor for LinkedList topic and click Run button
['WARN ]2023-05-23 14:12:01,657(yyyy-MM-ddHH:mm:ss.SSS][main]utilities.LoggerLoad1)-User should be presented with alert and no runOutput for Invalid Python code for LinkedList Page
['INFO ]2023-05-23 14:12:01,682(yyyy-MM-ddHH:mm:ss.SSS][main]utilities.LoggerLoad1)-User navigate back to LinkedList page of selected topic
['INFO ]2023-05-23 14:12:01,955(yyyy-MM-ddHH:mm:ss.SSS][main]utilities.LoggerLoad1)-User click to select topics covered on Link List page
['INFO ]2023-05-23 14:12:02,195(yyyy-MM-ddHH:mm:ss.SSS][main]utilities.LoggerLoad1)-User clicks Try Here button in the  Linked List of selected topic page
['INFO ]2023-05-23 14:12:02,200(yyyy-MM-ddHH:mm:ss.SSS][main]utilities.LoggerLoad1)-User should be redirected tryEditor page title as {string} with a Run button to test Python code
['INFO ]2023-05-23 14:12:02,497(yyyy-MM-ddHH:mm:ss.SSS][main]utilities.LoggerLoad1)-User Enter valid Python code in tryEditor for LinkedList topic and click Run button
['INFO ]2023-05-23 14:12:02,503(yyyy-MM-ddHH:mm:ss.SSS][main]utilities.LoggerLoad1)-User should be presented with the Run output for valid Python code and Message for for LinkedList Page
['INFO ]2023-05-23 14:12:02,622(yyyy-MM-ddHH:mm:ss.SSS][main]utilities.LoggerLoad1)-User Enter Invalid Python code in tryEditor for LinkedList topic and click Run button
['WARN ]2023-05-23 14:12:02,638(yyyy-MM-ddHH:mm:ss.SSS][main]utilities.LoggerLoad1)-User should be presented with alert and no runOutput for Invalid Python code for LinkedList Page
['INFO ]2023-05-23 14:12:02,654(yyyy-MM-ddHH:mm:ss.SSS][main]utilities.LoggerLoad1)-User navigate back to LinkedList page of selected topic
['INFO ]2023-05-23 14:12:02,906(yyyy-MM-ddHH:mm:ss.SSS][main]utilities.LoggerLoad1)-User click to select topics covered on Link List page
['INFO ]2023-05-23 14:12:03,155(yyyy-MM-ddHH:mm:ss.SSS][main]utilities.LoggerLoad1)-User clicks Try Here button in the  Linked List of selected topic page
['INFO ]2023-05-23 14:12:03,159(yyyy-MM-ddHH:mm:ss.SSS][main]utilities.LoggerLoad1)-User should be redirected tryEditor page title as {string} with a Run button to test Python code
['INFO ]2023-05-23 14:12:03,458(yyyy-MM-ddHH:mm:ss.SSS][main]utilities.LoggerLoad1)-User Enter valid Python code in tryEditor for LinkedList topic and click Run button
['INFO ]2023-05-23 14:12:03,467(yyyy-MM-ddHH:mm:ss.SSS][main]utilities.LoggerLoad1)-User should be presented with the Run output for valid Python code and Message for for LinkedList Page
['INFO ]2023-05-23 14:12:03,567(yyyy-MM-ddHH:mm:ss.SSS][main]utilities.LoggerLoad1)-User Enter Invalid Python code in tryEditor for LinkedList topic and click Run button
['WARN ]2023-05-23 14:12:03,571(yyyy-MM-ddHH:mm:ss.SSS][main]utilities.LoggerLoad1)-User should be presented with alert and no runOutput for Invalid Python code for LinkedList Page
['INFO ]2023-05-23 14:12:03,595(yyyy-MM-ddHH:mm:ss.SSS][main]utilities.LoggerLoad1)-User navigate back to LinkedList page of selected topic
['INFO ]2023-05-23 14:12:03,843(yyyy-MM-ddHH:mm:ss.SSS][main]utilities.LoggerLoad1)-User click to select topics covered on Link List page
['INFO ]2023-05-23 14:12:04,091(yyyy-MM-ddHH:mm:ss.SSS][main]utilities.LoggerLoad1)-User clicks Try Here button in the  Linked List of selected topic page
['INFO ]2023-05-23 14:12:04,095(yyyy-MM-ddHH:mm:ss.SSS][main]utilities.LoggerLoad1)-User should be redirected tryEditor page title as {string} with a Run button to test Python code
['INFO ]2023-05-23 14:12:04,397(yyyy-MM-ddHH:mm:ss.SSS][main]utilities.LoggerLoad1)-User Enter valid Python code in tryEditor for LinkedList topic and click Run button
['INFO ]2023-05-23 14:12:04,401(yyyy-MM-ddHH:mm:ss.SSS][main]utilities.LoggerLoad1)-User should be presented with the Run output for valid Python code and Message for for LinkedList Page
['INFO ]2023-05-23 14:12:04,528(yyyy-MM-ddHH:mm:ss.SSS][main]utilities.LoggerLoad1)-User Enter Invalid Python code in tryEditor for LinkedList topic and click Run button
['WARN ]2023-05-23 14:12:04,543(yyyy-MM-ddHH:mm:ss.SSS][main]utilities.LoggerLoad1)-User should be presented with alert and no runOutput for Invalid Python code for LinkedList Page
['INFO ]2023-05-23 14:12:04,558(yyyy-MM-ddHH:mm:ss.SSS][main]utilities.LoggerLoad1)-User navigate back to LinkedList page of selected topic
['INFO ]2023-05-23 14:12:04,726(yyyy-MM-ddHH:mm:ss.SSS][main]utilities.LoggerLoad1)-User clicks Practice Questions Page on LinkedList Page
['INFO ]2023-05-23 14:12:04,730(yyyy-MM-ddHH:mm:ss.SSS][main]utilities.LoggerLoad1)-User should be redirected to a Practice Questions Page of selected LinkedList Topic Page
['INFO ]2023-05-23 14:12:04,754(yyyy-MM-ddHH:mm:ss.SSS][main]utilities.LoggerLoad1)-The User is on practice page of LinkedList
['INFO ]2023-05-23 14:12:05,001(yyyy-MM-ddHH:mm:ss.SSS][main]utilities.LoggerLoad1)-the user select_from_homepage_drop_down_menu
['INFO ]2023-05-23 14:12:05,159(yyyy-MM-ddHH:mm:ss.SSS][main]utilities.LoggerLoad1)-User will be navigated to Stack page
['INFO ]2023-05-23 14:12:05,554(yyyy-MM-ddHH:mm:ss.SSS][main]utilities.LoggerLoad1)-user_click_to_select_topics_covered_on_stack_page
['INFO ]2023-05-23 14:12:05,818(yyyy-MM-ddHH:mm:ss.SSS][main]utilities.LoggerLoad1)-User clicks Try Here button in the  Stack of selected topic page
['INFO ]2023-05-23 14:12:05,822(yyyy-MM-ddHH:mm:ss.SSS][main]utilities.LoggerLoad1)-User should be redirected tryEditor page title as {string} with a Run button to test Python code
['INFO ]2023-05-23 14:12:06,110(yyyy-MM-ddHH:mm:ss.SSS][main]utilities.LoggerLoad1)-User Enter valid Python code in tryEditor for stack topic and click run button
['INFO ]2023-05-23 14:12:06,116(yyyy-MM-ddHH:mm:ss.SSS][main]utilities.LoggerLoad1)-User should be presented with the Run output for valid Python code and Message for for Stack Page
['ERROR]2023-05-23 14:12:06,233(yyyy-MM-ddHH:mm:ss.SSS][main]utilities.LoggerLoad1)-User Enter Invalid Python code in tryEditor for stack topic and click run button
['WARN ]2023-05-23 14:12:06,248(yyyy-MM-ddHH:mm:ss.SSS][main]utilities.LoggerLoad1)-User should be presented with alert and no runOutput for Invalid Python code for Stack Page
['INFO ]2023-05-23 14:12:06,267(yyyy-MM-ddHH:mm:ss.SSS][main]utilities.LoggerLoad1)-User navigate back to Stack page of selected topic
['INFO ]2023-05-23 14:12:06,460(yyyy-MM-ddHH:mm:ss.SSS][main]utilities.LoggerLoad1)-user_click_to_select_topics_covered_on_stack_page
['INFO ]2023-05-23 14:12:06,714(yyyy-MM-ddHH:mm:ss.SSS][main]utilities.LoggerLoad1)-User clicks Try Here button in the  Stack of selected topic page
['INFO ]2023-05-23 14:12:06,720(yyyy-MM-ddHH:mm:ss.SSS][main]utilities.LoggerLoad1)-User should be redirected tryEditor page title as {string} with a Run button to test Python code
['INFO ]2023-05-23 14:12:07,026(yyyy-MM-ddHH:mm:ss.SSS][main]utilities.LoggerLoad1)-User Enter valid Python code in tryEditor for stack topic and click run button
['INFO ]2023-05-23 14:12:07,033(yyyy-MM-ddHH:mm:ss.SSS][main]utilities.LoggerLoad1)-User should be presented with the Run output for valid Python code and Message for for Stack Page
['ERROR]2023-05-23 14:12:07,153(yyyy-MM-ddHH:mm:ss.SSS][main]utilities.LoggerLoad1)-User Enter Invalid Python code in tryEditor for stack topic and click run button
['WARN ]2023-05-23 14:12:07,170(yyyy-MM-ddHH:mm:ss.SSS][main]utilities.LoggerLoad1)-User should be presented with alert and no runOutput for Invalid Python code for Stack Page
['INFO ]2023-05-23 14:12:07,185(yyyy-MM-ddHH:mm:ss.SSS][main]utilities.LoggerLoad1)-User navigate back to Stack page of selected topic
['INFO ]2023-05-23 14:12:07,343(yyyy-MM-ddHH:mm:ss.SSS][main]utilities.LoggerLoad1)-user_click_to_select_topics_covered_on_stack_page
['INFO ]2023-05-23 14:12:07,582(yyyy-MM-ddHH:mm:ss.SSS][main]utilities.LoggerLoad1)-User clicks Try Here button in the  Stack of selected topic page
['INFO ]2023-05-23 14:12:07,586(yyyy-MM-ddHH:mm:ss.SSS][main]utilities.LoggerLoad1)-User should be redirected tryEditor page title as {string} with a Run button to test Python code
['INFO ]2023-05-23 14:12:07,890(yyyy-MM-ddHH:mm:ss.SSS][main]utilities.LoggerLoad1)-User Enter valid Python code in tryEditor for stack topic and click run button
['INFO ]2023-05-23 14:12:07,898(yyyy-MM-ddHH:mm:ss.SSS][main]utilities.LoggerLoad1)-User should be presented with the Run output for valid Python code and Message for for Stack Page
['ERROR]2023-05-23 14:12:08,023(yyyy-MM-ddHH:mm:ss.SSS][main]utilities.LoggerLoad1)-User Enter Invalid Python code in tryEditor for stack topic and click run button
['WARN ]2023-05-23 14:12:08,036(yyyy-MM-ddHH:mm:ss.SSS][main]utilities.LoggerLoad1)-User should be presented with alert and no runOutput for Invalid Python code for Stack Page
['INFO ]2023-05-23 14:12:08,051(yyyy-MM-ddHH:mm:ss.SSS][main]utilities.LoggerLoad1)-User navigate back to Stack page of selected topic
['INFO ]2023-05-23 14:12:08,220(yyyy-MM-ddHH:mm:ss.SSS][main]utilities.LoggerLoad1)-User clicks Practice Questions Page on Stack Page
['INFO ]2023-05-23 14:12:08,225(yyyy-MM-ddHH:mm:ss.SSS][main]utilities.LoggerLoad1)-User should be redirected to a Practice Questions Page of selected Stack Topic Page
['INFO ]2023-05-23 14:12:08,256(yyyy-MM-ddHH:mm:ss.SSS][main]utilities.LoggerLoad1)-The User is on practice page of Stack
['INFO ]2023-05-23 14:12:08,492(yyyy-MM-ddHH:mm:ss.SSS][main]utilities.LoggerLoad1)-the user select_from_homepage_drop_down_menu
['INFO ]2023-05-23 14:12:08,665(yyyy-MM-ddHH:mm:ss.SSS][main]utilities.LoggerLoad1)-User will be navigated to Queue page
['INFO ]2023-05-23 14:12:08,878(yyyy-MM-ddHH:mm:ss.SSS][main]utilities.LoggerLoad1)-user_click_to_select_topics_covered_on_queue_page
['INFO ]2023-05-23 14:12:09,130(yyyy-MM-ddHH:mm:ss.SSS][main]utilities.LoggerLoad1)-User clicks Try Here button in the Queue of selected topic page
['INFO ]2023-05-23 14:12:09,134(yyyy-MM-ddHH:mm:ss.SSS][main]utilities.LoggerLoad1)-User should be redirected tryEditor page title as {string} with a Run button to test Python code
['INFO ]2023-05-23 14:12:09,425(yyyy-MM-ddHH:mm:ss.SSS][main]utilities.LoggerLoad1)-User Enter valid Python code in tryEditor for Queue topic and click Run button
['INFO ]2023-05-23 14:12:09,431(yyyy-MM-ddHH:mm:ss.SSS][main]utilities.LoggerLoad1)-User should be presented with the Run output for valid Python code and Message for for Queue Page
['ERROR]2023-05-23 14:12:09,553(yyyy-MM-ddHH:mm:ss.SSS][main]utilities.LoggerLoad1)-User Enter Invalid Python code in tryEditor for Queue topic and click Run button
['WARN ]2023-05-23 14:12:09,568(yyyy-MM-ddHH:mm:ss.SSS][main]utilities.LoggerLoad1)-User should be presented with alert and no runOutput for Invalid Python code for Queue Page
['INFO ]2023-05-23 14:12:09,584(yyyy-MM-ddHH:mm:ss.SSS][main]utilities.LoggerLoad1)-User navigate back to Queue page of selected topic
['INFO ]2023-05-23 14:12:09,742(yyyy-MM-ddHH:mm:ss.SSS][main]utilities.LoggerLoad1)-user_click_to_select_topics_covered_on_queue_page
['INFO ]2023-05-23 14:12:10,000(yyyy-MM-ddHH:mm:ss.SSS][main]utilities.LoggerLoad1)-User clicks Try Here button in the Queue of selected topic page
['INFO ]2023-05-23 14:12:10,004(yyyy-MM-ddHH:mm:ss.SSS][main]utilities.LoggerLoad1)-User should be redirected tryEditor page title as {string} with a Run button to test Python code
['INFO ]2023-05-23 14:12:10,334(yyyy-MM-ddHH:mm:ss.SSS][main]utilities.LoggerLoad1)-User Enter valid Python code in tryEditor for Queue topic and click Run button
['INFO ]2023-05-23 14:12:10,344(yyyy-MM-ddHH:mm:ss.SSS][main]utilities.LoggerLoad1)-User should be presented with the Run output for valid Python code and Message for for Queue Page
['ERROR]2023-05-23 14:12:10,497(yyyy-MM-ddHH:mm:ss.SSS][main]utilities.LoggerLoad1)-User Enter Invalid Python code in tryEditor for Queue topic and click Run button
['WARN ]2023-05-23 14:12:10,510(yyyy-MM-ddHH:mm:ss.SSS][main]utilities.LoggerLoad1)-User should be presented with alert and no runOutput for Invalid Python code for Queue Page
['INFO ]2023-05-23 14:12:10,525(yyyy-MM-ddHH:mm:ss.SSS][main]utilities.LoggerLoad1)-User navigate back to Queue page of selected topic
['INFO ]2023-05-23 14:12:10,691(yyyy-MM-ddHH:mm:ss.SSS][main]utilities.LoggerLoad1)-user_click_to_select_topics_covered_on_queue_page
['INFO ]2023-05-23 14:12:10,950(yyyy-MM-ddHH:mm:ss.SSS][main]utilities.LoggerLoad1)-User clicks Try Here button in the Queue of selected topic page
['INFO ]2023-05-23 14:12:10,954(yyyy-MM-ddHH:mm:ss.SSS][main]utilities.LoggerLoad1)-User should be redirected tryEditor page title as {string} with a Run button to test Python code
['INFO ]2023-05-23 14:12:11,255(yyyy-MM-ddHH:mm:ss.SSS][main]utilities.LoggerLoad1)-User Enter valid Python code in tryEditor for Queue topic and click Run button
['INFO ]2023-05-23 14:12:11,261(yyyy-MM-ddHH:mm:ss.SSS][main]utilities.LoggerLoad1)-User should be presented with the Run output for valid Python code and Message for for Queue Page
['ERROR]2023-05-23 14:12:11,395(yyyy-MM-ddHH:mm:ss.SSS][main]utilities.LoggerLoad1)-User Enter Invalid Python code in tryEditor for Queue topic and click Run button
['WARN ]2023-05-23 14:12:11,411(yyyy-MM-ddHH:mm:ss.SSS][main]utilities.LoggerLoad1)-User should be presented with alert and no runOutput for Invalid Python code for Queue Page
['INFO ]2023-05-23 14:12:11,430(yyyy-MM-ddHH:mm:ss.SSS][main]utilities.LoggerLoad1)-User navigate back to Queue page of selected topic
['INFO ]2023-05-23 14:12:11,599(yyyy-MM-ddHH:mm:ss.SSS][main]utilities.LoggerLoad1)-user_click_to_select_topics_covered_on_queue_page
['INFO ]2023-05-23 14:12:11,849(yyyy-MM-ddHH:mm:ss.SSS][main]utilities.LoggerLoad1)-User clicks Try Here button in the Queue of selected topic page
['INFO ]2023-05-23 14:12:11,853(yyyy-MM-ddHH:mm:ss.SSS][main]utilities.LoggerLoad1)-User should be redirected tryEditor page title as {string} with a Run button to test Python code
['INFO ]2023-05-23 14:12:12,139(yyyy-MM-ddHH:mm:ss.SSS][main]utilities.LoggerLoad1)-User Enter valid Python code in tryEditor for Queue topic and click Run button
['INFO ]2023-05-23 14:12:12,144(yyyy-MM-ddHH:mm:ss.SSS][main]utilities.LoggerLoad1)-User should be presented with the Run output for valid Python code and Message for for Queue Page
['ERROR]2023-05-23 14:12:12,257(yyyy-MM-ddHH:mm:ss.SSS][main]utilities.LoggerLoad1)-User Enter Invalid Python code in tryEditor for Queue topic and click Run button
['WARN ]2023-05-23 14:12:12,270(yyyy-MM-ddHH:mm:ss.SSS][main]utilities.LoggerLoad1)-User should be presented with alert and no runOutput for Invalid Python code for Queue Page
['INFO ]2023-05-23 14:12:12,288(yyyy-MM-ddHH:mm:ss.SSS][main]utilities.LoggerLoad1)-User navigate back to Queue page of selected topic
['INFO ]2023-05-23 14:12:12,447(yyyy-MM-ddHH:mm:ss.SSS][main]utilities.LoggerLoad1)-User clicks Practice Questions Page on Queue Page
['INFO ]2023-05-23 14:12:12,452(yyyy-MM-ddHH:mm:ss.SSS][main]utilities.LoggerLoad1)-User should be redirected to a Practice Questions Page of selected Queue Topic Page
['INFO ]2023-05-23 14:12:12,475(yyyy-MM-ddHH:mm:ss.SSS][main]utilities.LoggerLoad1)-The User is on practice page of Queue
['INFO ]2023-05-23 14:12:12,792(yyyy-MM-ddHH:mm:ss.SSS][main]utilities.LoggerLoad1)-the user select_from_homepage_drop_down_menu
['INFO ]2023-05-23 14:12:12,943(yyyy-MM-ddHH:mm:ss.SSS][main]utilities.LoggerLoad1)-User will be navigated to Tree page title as 'Tree'
['INFO ]2023-05-23 14:12:13,226(yyyy-MM-ddHH:mm:ss.SSS][main]utilities.LoggerLoad1)-User clicks select topics covered on Tree page
['INFO ]2023-05-23 14:12:13,461(yyyy-MM-ddHH:mm:ss.SSS][main]utilities.LoggerLoad1)-User clicks Try Here button in the Tree of selected topic page
['INFO ]2023-05-23 14:12:13,465(yyyy-MM-ddHH:mm:ss.SSS][main]utilities.LoggerLoad1)-User should be redirected tryEditor page title as {string} with a Run button to test Python code
['INFO ]2023-05-23 14:12:13,767(yyyy-MM-ddHH:mm:ss.SSS][main]utilities.LoggerLoad1)-User Enter valid Python code in tryEditor for Tree topic and click Run button
['INFO ]2023-05-23 14:12:13,773(yyyy-MM-ddHH:mm:ss.SSS][main]utilities.LoggerLoad1)-Message will be displayed for valid Python code on run Output with Valid Python code
['ERROR]2023-05-23 14:12:13,885(yyyy-MM-ddHH:mm:ss.SSS][main]utilities.LoggerLoad1)-User Enter Invalid Python code in tryEditor for Tree topic and click Run button
['WARN ]2023-05-23 14:12:13,899(yyyy-MM-ddHH:mm:ss.SSS][main]utilities.LoggerLoad1)-User should be presented with alert and no runOutput for Invalid Python code for Tree Page
['INFO ]2023-05-23 14:12:13,915(yyyy-MM-ddHH:mm:ss.SSS][main]utilities.LoggerLoad1)-User navigate back to Tree page of selected topic
['INFO ]2023-05-23 14:12:14,116(yyyy-MM-ddHH:mm:ss.SSS][main]utilities.LoggerLoad1)-User clicks select topics covered on Tree page
['INFO ]2023-05-23 14:12:14,355(yyyy-MM-ddHH:mm:ss.SSS][main]utilities.LoggerLoad1)-User clicks Try Here button in the Tree of selected topic page
['INFO ]2023-05-23 14:12:14,361(yyyy-MM-ddHH:mm:ss.SSS][main]utilities.LoggerLoad1)-User should be redirected tryEditor page title as {string} with a Run button to test Python code
['INFO ]2023-05-23 14:12:14,635(yyyy-MM-ddHH:mm:ss.SSS][main]utilities.LoggerLoad1)-User Enter valid Python code in tryEditor for Tree topic and click Run button
['INFO ]2023-05-23 14:12:14,640(yyyy-MM-ddHH:mm:ss.SSS][main]utilities.LoggerLoad1)-Message will be displayed for valid Python code on run Output with Valid Python code
['ERROR]2023-05-23 14:12:14,743(yyyy-MM-ddHH:mm:ss.SSS][main]utilities.LoggerLoad1)-User Enter Invalid Python code in tryEditor for Tree topic and click Run button
['WARN ]2023-05-23 14:12:14,758(yyyy-MM-ddHH:mm:ss.SSS][main]utilities.LoggerLoad1)-User should be presented with alert and no runOutput for Invalid Python code for Tree Page
['INFO ]2023-05-23 14:12:14,773(yyyy-MM-ddHH:mm:ss.SSS][main]utilities.LoggerLoad1)-User navigate back to Tree page of selected topic
['INFO ]2023-05-23 14:12:15,015(yyyy-MM-ddHH:mm:ss.SSS][main]utilities.LoggerLoad1)-User clicks select topics covered on Tree page
['INFO ]2023-05-23 14:12:15,261(yyyy-MM-ddHH:mm:ss.SSS][main]utilities.LoggerLoad1)-User clicks Try Here button in the Tree of selected topic page
['INFO ]2023-05-23 14:12:15,264(yyyy-MM-ddHH:mm:ss.SSS][main]utilities.LoggerLoad1)-User should be redirected tryEditor page title as {string} with a Run button to test Python code
['INFO ]2023-05-23 14:12:15,553(yyyy-MM-ddHH:mm:ss.SSS][main]utilities.LoggerLoad1)-User Enter valid Python code in tryEditor for Tree topic and click Run button
['INFO ]2023-05-23 14:12:15,558(yyyy-MM-ddHH:mm:ss.SSS][main]utilities.LoggerLoad1)-Message will be displayed for valid Python code on run Output with Valid Python code
['ERROR]2023-05-23 14:12:15,665(yyyy-MM-ddHH:mm:ss.SSS][main]utilities.LoggerLoad1)-User Enter Invalid Python code in tryEditor for Tree topic and click Run button
['WARN ]2023-05-23 14:12:15,680(yyyy-MM-ddHH:mm:ss.SSS][main]utilities.LoggerLoad1)-User should be presented with alert and no runOutput for Invalid Python code for Tree Page
['INFO ]2023-05-23 14:12:15,695(yyyy-MM-ddHH:mm:ss.SSS][main]utilities.LoggerLoad1)-User navigate back to Tree page of selected topic
['INFO ]2023-05-23 14:12:16,050(yyyy-MM-ddHH:mm:ss.SSS][main]utilities.LoggerLoad1)-User clicks select topics covered on Tree page
['INFO ]2023-05-23 14:12:16,298(yyyy-MM-ddHH:mm:ss.SSS][main]utilities.LoggerLoad1)-User clicks Try Here button in the Tree of selected topic page
['INFO ]2023-05-23 14:12:16,302(yyyy-MM-ddHH:mm:ss.SSS][main]utilities.LoggerLoad1)-User should be redirected tryEditor page title as {string} with a Run button to test Python code
['INFO ]2023-05-23 14:12:16,583(yyyy-MM-ddHH:mm:ss.SSS][main]utilities.LoggerLoad1)-User Enter valid Python code in tryEditor for Tree topic and click Run button
['INFO ]2023-05-23 14:12:16,589(yyyy-MM-ddHH:mm:ss.SSS][main]utilities.LoggerLoad1)-Message will be displayed for valid Python code on run Output with Valid Python code
['ERROR]2023-05-23 14:12:16,701(yyyy-MM-ddHH:mm:ss.SSS][main]utilities.LoggerLoad1)-User Enter Invalid Python code in tryEditor for Tree topic and click Run button
['WARN ]2023-05-23 14:12:16,715(yyyy-MM-ddHH:mm:ss.SSS][main]utilities.LoggerLoad1)-User should be presented with alert and no runOutput for Invalid Python code for Tree Page
['INFO ]2023-05-23 14:12:16,730(yyyy-MM-ddHH:mm:ss.SSS][main]utilities.LoggerLoad1)-User navigate back to Tree page of selected topic
['INFO ]2023-05-23 14:12:17,075(yyyy-MM-ddHH:mm:ss.SSS][main]utilities.LoggerLoad1)-User clicks select topics covered on Tree page
['INFO ]2023-05-23 14:12:17,331(yyyy-MM-ddHH:mm:ss.SSS][main]utilities.LoggerLoad1)-User clicks Try Here button in the Tree of selected topic page
['INFO ]2023-05-23 14:12:17,335(yyyy-MM-ddHH:mm:ss.SSS][main]utilities.LoggerLoad1)-User should be redirected tryEditor page title as {string} with a Run button to test Python code
['INFO ]2023-05-23 14:12:17,633(yyyy-MM-ddHH:mm:ss.SSS][main]utilities.LoggerLoad1)-User Enter valid Python code in tryEditor for Tree topic and click Run button
['INFO ]2023-05-23 14:12:17,639(yyyy-MM-ddHH:mm:ss.SSS][main]utilities.LoggerLoad1)-Message will be displayed for valid Python code on run Output with Valid Python code
['ERROR]2023-05-23 14:12:17,763(yyyy-MM-ddHH:mm:ss.SSS][main]utilities.LoggerLoad1)-User Enter Invalid Python code in tryEditor for Tree topic and click Run button
['WARN ]2023-05-23 14:12:17,777(yyyy-MM-ddHH:mm:ss.SSS][main]utilities.LoggerLoad1)-User should be presented with alert and no runOutput for Invalid Python code for Tree Page
['INFO ]2023-05-23 14:12:17,793(yyyy-MM-ddHH:mm:ss.SSS][main]utilities.LoggerLoad1)-User navigate back to Tree page of selected topic
['INFO ]2023-05-23 14:12:18,123(yyyy-MM-ddHH:mm:ss.SSS][main]utilities.LoggerLoad1)-User clicks select topics covered on Tree page
['INFO ]2023-05-23 14:12:18,396(yyyy-MM-ddHH:mm:ss.SSS][main]utilities.LoggerLoad1)-User clicks Try Here button in the Tree of selected topic page
['INFO ]2023-05-23 14:12:18,400(yyyy-MM-ddHH:mm:ss.SSS][main]utilities.LoggerLoad1)-User should be redirected tryEditor page title as {string} with a Run button to test Python code
['INFO ]2023-05-23 14:12:18,681(yyyy-MM-ddHH:mm:ss.SSS][main]utilities.LoggerLoad1)-User Enter valid Python code in tryEditor for Tree topic and click Run button
['INFO ]2023-05-23 14:12:18,689(yyyy-MM-ddHH:mm:ss.SSS][main]utilities.LoggerLoad1)-Message will be displayed for valid Python code on run Output with Valid Python code
['ERROR]2023-05-23 14:12:18,789(yyyy-MM-ddHH:mm:ss.SSS][main]utilities.LoggerLoad1)-User Enter Invalid Python code in tryEditor for Tree topic and click Run button
['WARN ]2023-05-23 14:12:18,803(yyyy-MM-ddHH:mm:ss.SSS][main]utilities.LoggerLoad1)-User should be presented with alert and no runOutput for Invalid Python code for Tree Page
['INFO ]2023-05-23 14:12:18,821(yyyy-MM-ddHH:mm:ss.SSS][main]utilities.LoggerLoad1)-User navigate back to Tree page of selected topic
['INFO ]2023-05-23 14:12:19,061(yyyy-MM-ddHH:mm:ss.SSS][main]utilities.LoggerLoad1)-User clicks select topics covered on Tree page
['INFO ]2023-05-23 14:12:19,316(yyyy-MM-ddHH:mm:ss.SSS][main]utilities.LoggerLoad1)-User clicks Try Here button in the Tree of selected topic page
['INFO ]2023-05-23 14:12:19,321(yyyy-MM-ddHH:mm:ss.SSS][main]utilities.LoggerLoad1)-User should be redirected tryEditor page title as {string} with a Run button to test Python code
['INFO ]2023-05-23 14:12:19,635(yyyy-MM-ddHH:mm:ss.SSS][main]utilities.LoggerLoad1)-User Enter valid Python code in tryEditor for Tree topic and click Run button
['INFO ]2023-05-23 14:12:19,646(yyyy-MM-ddHH:mm:ss.SSS][main]utilities.LoggerLoad1)-Message will be displayed for valid Python code on run Output with Valid Python code
['ERROR]2023-05-23 14:12:19,757(yyyy-MM-ddHH:mm:ss.SSS][main]utilities.LoggerLoad1)-User Enter Invalid Python code in tryEditor for Tree topic and click Run button
['WARN ]2023-05-23 14:12:19,773(yyyy-MM-ddHH:mm:ss.SSS][main]utilities.LoggerLoad1)-User should be presented with alert and no runOutput for Invalid Python code for Tree Page
['INFO ]2023-05-23 14:12:19,789(yyyy-MM-ddHH:mm:ss.SSS][main]utilities.LoggerLoad1)-User navigate back to Tree page of selected topic
['INFO ]2023-05-23 14:12:20,029(yyyy-MM-ddHH:mm:ss.SSS][main]utilities.LoggerLoad1)-User clicks select topics covered on Tree page
['INFO ]2023-05-23 14:12:20,264(yyyy-MM-ddHH:mm:ss.SSS][main]utilities.LoggerLoad1)-User clicks Try Here button in the Tree of selected topic page
['INFO ]2023-05-23 14:12:20,270(yyyy-MM-ddHH:mm:ss.SSS][main]utilities.LoggerLoad1)-User should be redirected tryEditor page title as {string} with a Run button to test Python code
['INFO ]2023-05-23 14:12:20,581(yyyy-MM-ddHH:mm:ss.SSS][main]utilities.LoggerLoad1)-User Enter valid Python code in tryEditor for Tree topic and click Run button
['INFO ]2023-05-23 14:12:20,584(yyyy-MM-ddHH:mm:ss.SSS][main]utilities.LoggerLoad1)-Message will be displayed for valid Python code on run Output with Valid Python code
['ERROR]2023-05-23 14:12:20,710(yyyy-MM-ddHH:mm:ss.SSS][main]utilities.LoggerLoad1)-User Enter Invalid Python code in tryEditor for Tree topic and click Run button
['WARN ]2023-05-23 14:12:20,727(yyyy-MM-ddHH:mm:ss.SSS][main]utilities.LoggerLoad1)-User should be presented with alert and no runOutput for Invalid Python code for Tree Page
['INFO ]2023-05-23 14:12:20,742(yyyy-MM-ddHH:mm:ss.SSS][main]utilities.LoggerLoad1)-User navigate back to Tree page of selected topic
['INFO ]2023-05-23 14:12:20,998(yyyy-MM-ddHH:mm:ss.SSS][main]utilities.LoggerLoad1)-User clicks select topics covered on Tree page
['INFO ]2023-05-23 14:12:21,264(yyyy-MM-ddHH:mm:ss.SSS][main]utilities.LoggerLoad1)-User clicks Try Here button in the Tree of selected topic page
['INFO ]2023-05-23 14:12:21,270(yyyy-MM-ddHH:mm:ss.SSS][main]utilities.LoggerLoad1)-User should be redirected tryEditor page title as {string} with a Run button to test Python code
['INFO ]2023-05-23 14:12:21,558(yyyy-MM-ddHH:mm:ss.SSS][main]utilities.LoggerLoad1)-User Enter valid Python code in tryEditor for Tree topic and click Run button
['INFO ]2023-05-23 14:12:21,572(yyyy-MM-ddHH:mm:ss.SSS][main]utilities.LoggerLoad1)-Message will be displayed for valid Python code on run Output with Valid Python code
['ERROR]2023-05-23 14:12:21,689(yyyy-MM-ddHH:mm:ss.SSS][main]utilities.LoggerLoad1)-User Enter Invalid Python code in tryEditor for Tree topic and click Run button
['WARN ]2023-05-23 14:12:21,704(yyyy-MM-ddHH:mm:ss.SSS][main]utilities.LoggerLoad1)-User should be presented with alert and no runOutput for Invalid Python code for Tree Page
['INFO ]2023-05-23 14:12:21,719(yyyy-MM-ddHH:mm:ss.SSS][main]utilities.LoggerLoad1)-User navigate back to Tree page of selected topic
['INFO ]2023-05-23 14:12:21,967(yyyy-MM-ddHH:mm:ss.SSS][main]utilities.LoggerLoad1)-User clicks select topics covered on Tree page
['INFO ]2023-05-23 14:12:22,206(yyyy-MM-ddHH:mm:ss.SSS][main]utilities.LoggerLoad1)-User clicks Try Here button in the Tree of selected topic page
['INFO ]2023-05-23 14:12:22,210(yyyy-MM-ddHH:mm:ss.SSS][main]utilities.LoggerLoad1)-User should be redirected tryEditor page title as {string} with a Run button to test Python code
['INFO ]2023-05-23 14:12:22,527(yyyy-MM-ddHH:mm:ss.SSS][main]utilities.LoggerLoad1)-User Enter valid Python code in tryEditor for Tree topic and click Run button
['INFO ]2023-05-23 14:12:22,539(yyyy-MM-ddHH:mm:ss.SSS][main]utilities.LoggerLoad1)-Message will be displayed for valid Python code on run Output with Valid Python code
['ERROR]2023-05-23 14:12:22,671(yyyy-MM-ddHH:mm:ss.SSS][main]utilities.LoggerLoad1)-User Enter Invalid Python code in tryEditor for Tree topic and click Run button
['WARN ]2023-05-23 14:12:22,686(yyyy-MM-ddHH:mm:ss.SSS][main]utilities.LoggerLoad1)-User should be presented with alert and no runOutput for Invalid Python code for Tree Page
['INFO ]2023-05-23 14:12:22,702(yyyy-MM-ddHH:mm:ss.SSS][main]utilities.LoggerLoad1)-User navigate back to Tree page of selected topic
['INFO ]2023-05-23 14:12:22,985(yyyy-MM-ddHH:mm:ss.SSS][main]utilities.LoggerLoad1)-User clicks select topics covered on Tree page
['INFO ]2023-05-23 14:12:23,240(yyyy-MM-ddHH:mm:ss.SSS][main]utilities.LoggerLoad1)-User clicks Try Here button in the Tree of selected topic page
['INFO ]2023-05-23 14:12:23,243(yyyy-MM-ddHH:mm:ss.SSS][main]utilities.LoggerLoad1)-User should be redirected tryEditor page title as {string} with a Run button to test Python code
['INFO ]2023-05-23 14:12:23,550(yyyy-MM-ddHH:mm:ss.SSS][main]utilities.LoggerLoad1)-User Enter valid Python code in tryEditor for Tree topic and click Run button
['INFO ]2023-05-23 14:12:23,563(yyyy-MM-ddHH:mm:ss.SSS][main]utilities.LoggerLoad1)-Message will be displayed for valid Python code on run Output with Valid Python code
['ERROR]2023-05-23 14:12:23,691(yyyy-MM-ddHH:mm:ss.SSS][main]utilities.LoggerLoad1)-User Enter Invalid Python code in tryEditor for Tree topic and click Run button
['WARN ]2023-05-23 14:12:23,706(yyyy-MM-ddHH:mm:ss.SSS][main]utilities.LoggerLoad1)-User should be presented with alert and no runOutput for Invalid Python code for Tree Page
['INFO ]2023-05-23 14:12:23,722(yyyy-MM-ddHH:mm:ss.SSS][main]utilities.LoggerLoad1)-User navigate back to Tree page of selected topic
['INFO ]2023-05-23 14:12:24,502(yyyy-MM-ddHH:mm:ss.SSS][main]utilities.LoggerLoad1)-User clicks select topics covered on Tree page
['INFO ]2023-05-23 14:12:24,734(yyyy-MM-ddHH:mm:ss.SSS][main]utilities.LoggerLoad1)-User clicks Try Here button in the Tree of selected topic page
['INFO ]2023-05-23 14:12:24,738(yyyy-MM-ddHH:mm:ss.SSS][main]utilities.LoggerLoad1)-User should be redirected tryEditor page title as {string} with a Run button to test Python code
['INFO ]2023-05-23 14:12:25,023(yyyy-MM-ddHH:mm:ss.SSS][main]utilities.LoggerLoad1)-User Enter valid Python code in tryEditor for Tree topic and click Run button
['INFO ]2023-05-23 14:12:25,030(yyyy-MM-ddHH:mm:ss.SSS][main]utilities.LoggerLoad1)-Message will be displayed for valid Python code on run Output with Valid Python code
['ERROR]2023-05-23 14:12:25,144(yyyy-MM-ddHH:mm:ss.SSS][main]utilities.LoggerLoad1)-User Enter Invalid Python code in tryEditor for Tree topic and click Run button
['WARN ]2023-05-23 14:12:25,157(yyyy-MM-ddHH:mm:ss.SSS][main]utilities.LoggerLoad1)-User should be presented with alert and no runOutput for Invalid Python code for Tree Page
['INFO ]2023-05-23 14:12:25,173(yyyy-MM-ddHH:mm:ss.SSS][main]utilities.LoggerLoad1)-User navigate back to Tree page of selected topic
['INFO ]2023-05-23 14:12:25,434(yyyy-MM-ddHH:mm:ss.SSS][main]utilities.LoggerLoad1)-User clicks select topics covered on Tree page
['INFO ]2023-05-23 14:12:25,684(yyyy-MM-ddHH:mm:ss.SSS][main]utilities.LoggerLoad1)-User clicks Try Here button in the Tree of selected topic page
['INFO ]2023-05-23 14:12:25,688(yyyy-MM-ddHH:mm:ss.SSS][main]utilities.LoggerLoad1)-User should be redirected tryEditor page title as {string} with a Run button to test Python code
['INFO ]2023-05-23 14:12:25,989(yyyy-MM-ddHH:mm:ss.SSS][main]utilities.LoggerLoad1)-User Enter valid Python code in tryEditor for Tree topic and click Run button
['INFO ]2023-05-23 14:12:25,997(yyyy-MM-ddHH:mm:ss.SSS][main]utilities.LoggerLoad1)-Message will be displayed for valid Python code on run Output with Valid Python code
['ERROR]2023-05-23 14:12:26,118(yyyy-MM-ddHH:mm:ss.SSS][main]utilities.LoggerLoad1)-User Enter Invalid Python code in tryEditor for Tree topic and click Run button
['WARN ]2023-05-23 14:12:26,132(yyyy-MM-ddHH:mm:ss.SSS][main]utilities.LoggerLoad1)-User should be presented with alert and no runOutput for Invalid Python code for Tree Page
['INFO ]2023-05-23 14:12:26,149(yyyy-MM-ddHH:mm:ss.SSS][main]utilities.LoggerLoad1)-User navigate back to Tree page of selected topic
['INFO ]2023-05-23 14:12:26,328(yyyy-MM-ddHH:mm:ss.SSS][main]utilities.LoggerLoad1)-User clicks Practice Questions Page on Tree Page
['INFO ]2023-05-23 14:12:26,331(yyyy-MM-ddHH:mm:ss.SSS][main]utilities.LoggerLoad1)-User should be redirected to a Practice Questions Page of selected Tree Topic Page
['INFO ]2023-05-23 14:12:26,366(yyyy-MM-ddHH:mm:ss.SSS][main]utilities.LoggerLoad1)-The User is on practice page of Tree
['INFO ]2023-05-23 14:12:26,608(yyyy-MM-ddHH:mm:ss.SSS][main]utilities.LoggerLoad1)-the user select_from_homepage_drop_down_menu
['INFO ]2023-05-23 14:12:26,782(yyyy-MM-ddHH:mm:ss.SSS][main]utilities.LoggerLoad1)-User will be navigated to Graph page
['INFO ]2023-05-23 14:12:27,046(yyyy-MM-ddHH:mm:ss.SSS][main]utilities.LoggerLoad1)-User click select topics covered on Graph page
['INFO ]2023-05-23 14:12:27,280(yyyy-MM-ddHH:mm:ss.SSS][main]utilities.LoggerLoad1)-User clicks Try Here button in the  Graph of selected topic page
['INFO ]2023-05-23 14:12:27,284(yyyy-MM-ddHH:mm:ss.SSS][main]utilities.LoggerLoad1)-User should be redirected tryEditor page title as {string} with a Run button to test Python code
['INFO ]2023-05-23 14:12:27,535(yyyy-MM-ddHH:mm:ss.SSS][main]utilities.LoggerLoad1)-User Enter valid Python code in tryEditor for Graph topic and click Run button
['INFO ]2023-05-23 14:12:27,543(yyyy-MM-ddHH:mm:ss.SSS][main]utilities.LoggerLoad1)-User should be presented with the Run output for valid Python code and Message for for Graph Page
['ERROR]2023-05-23 14:12:27,646(yyyy-MM-ddHH:mm:ss.SSS][main]utilities.LoggerLoad1)-User Enter Invalid Python code in tryEditor from  {string} for Graph topic and click Run button
['WARN ]2023-05-23 14:12:27,661(yyyy-MM-ddHH:mm:ss.SSS][main]utilities.LoggerLoad1)-User should be presented with alert and no runOutput for Invalid Python code for Graph Page
['INFO ]2023-05-23 14:12:27,694(yyyy-MM-ddHH:mm:ss.SSS][main]utilities.LoggerLoad1)-User navigate back to Graph page of selected topic
['INFO ]2023-05-23 14:12:27,855(yyyy-MM-ddHH:mm:ss.SSS][main]utilities.LoggerLoad1)-User click select topics covered on Graph page
['INFO ]2023-05-23 14:12:28,102(yyyy-MM-ddHH:mm:ss.SSS][main]utilities.LoggerLoad1)-User clicks Try Here button in the  Graph of selected topic page
['INFO ]2023-05-23 14:12:28,106(yyyy-MM-ddHH:mm:ss.SSS][main]utilities.LoggerLoad1)-User should be redirected tryEditor page title as {string} with a Run button to test Python code
['INFO ]2023-05-23 14:12:28,383(yyyy-MM-ddHH:mm:ss.SSS][main]utilities.LoggerLoad1)-User Enter valid Python code in tryEditor for Graph topic and click Run button
['INFO ]2023-05-23 14:12:28,393(yyyy-MM-ddHH:mm:ss.SSS][main]utilities.LoggerLoad1)-User should be presented with the Run output for valid Python code and Message for for Graph Page
['ERROR]2023-05-23 14:12:28,511(yyyy-MM-ddHH:mm:ss.SSS][main]utilities.LoggerLoad1)-User Enter Invalid Python code in tryEditor from  {string} for Graph topic and click Run button
['WARN ]2023-05-23 14:12:28,525(yyyy-MM-ddHH:mm:ss.SSS][main]utilities.LoggerLoad1)-User should be presented with alert and no runOutput for Invalid Python code for Graph Page
['INFO ]2023-05-23 14:12:28,555(yyyy-MM-ddHH:mm:ss.SSS][main]utilities.LoggerLoad1)-User navigate back to Graph page of selected topic
['INFO ]2023-05-23 14:12:28,587(yyyy-MM-ddHH:mm:ss.SSS][main]utilities.LoggerLoad1)-User is on graph page of selected topic
['INFO ]2023-05-23 14:12:28,735(yyyy-MM-ddHH:mm:ss.SSS][main]utilities.LoggerLoad1)-User clicks Practice Questions Page on Graph Page
['INFO ]2023-05-23 14:12:28,738(yyyy-MM-ddHH:mm:ss.SSS][main]utilities.LoggerLoad1)-User should be redirected to a Practice Questions Page of selected Graph Topic Page
